This file contains any messages produced by compilers while
running configure, to aid debugging if configure makes a mistake.

It was created by configure, which was
generated by GNU Autoconf 2.59.  Invocation command line was

  $ ./configure --enable-maintainer-mode --enable-compile-warnings

## --------- ##
## Platform. ##
## --------- ##

hostname = dotless.local
uname -m = ppc
uname -r = 2.6.8.1
uname -s = Linux
uname -v = #1 Tue Aug 24 00:51:15 CEST 2004

/usr/bin/uname -p = unknown
/bin/uname -X     = unknown

/bin/arch              = ppc
/usr/bin/arch -k       = unknown
/usr/convex/getsysinfo = unknown
hostinfo               = unknown
/bin/machine           = unknown
/usr/bin/oslevel       = unknown
/bin/universe          = unknown

PATH: /home/rubiojr/bin
PATH: /opt/gnome2/bin
PATH: /usr/local/bin
PATH: /usr/bin
PATH: /bin
PATH: /usr/bin/X11
PATH: /usr/games
PATH: /opt/mono/bin
PATH: /opt/mono-extra/bin
PATH: /opt/mono/bin
PATH: /opt/mono-extra/bin
PATH: /usr/sbin
PATH: /sbin
PATH: /usr/local/sbin


## ----------- ##
## Core tests. ##
## ----------- ##

configure:1265: checking build system type
configure:1283: result: powerpc-unknown-linux-gnu
configure:1291: checking host system type
configure:1305: result: powerpc-unknown-linux-gnu
configure:1313: checking target system type
configure:1327: result: powerpc-unknown-linux-gnu
configure:1355: checking for a BSD-compatible install
configure:1410: result: /usr/bin/install -c
configure:1421: checking whether build environment is sane
configure:1464: result: yes
configure:1489: WARNING: `missing' script is too old or missing
configure:1497: checking for gawk
configure:1513: found /usr/bin/gawk
configure:1523: result: gawk
configure:1533: checking whether make sets $(MAKE)
configure:1553: result: yes
configure:1717: checking whether to enable maintainer-specific portions of Makefiles
configure:1726: result: yes
configure:1753: checking for pkg-config
configure:1771: found /usr/bin/pkg-config
configure:1784: result: /usr/bin/pkg-config
configure:1801: checking for mono >= 1.0
configure:1805: result: yes
configure:1809: checking MONO_CFLAGS
configure:1812: result: -D_REENTRANT -pthread -I/opt/mono-1.0//include -I/usr/include/glib-2.0 -I/usr/lib/glib-2.0/include  
configure:1815: checking MONO_LIBS
configure:1818: result: -Wl,--export-dynamic -pthread -L/opt/mono-1.0//lib -lmono -lpthread -lm -lgmodule-2.0 -ldl -lgthread-2.0 -lglib-2.0  
configure:1903: checking for gtk-sharp >= 1.0 		  gnome-sharp >= 1.0 		  glade-sharp >= 1.0 		  gconf-sharp >= 1.0
configure:1913: result: yes
configure:1917: checking GTKSHARP_CFLAGS
configure:1923: result:  
configure:1926: checking GTKSHARP_LIBS
configure:1932: result: -r:/opt/mono-1.0//lib/mono/gtk-sharp/glib-sharp.dll -r:/opt/mono-1.0//lib/mono/gtk-sharp/pango-sharp.dll -r:/opt/mono-1.0//lib/mono/gtk-sharp/atk-sharp.dll -r:/opt/mono-1.0//lib/mono/gtk-sharp/gdk-sharp.dll -r:/opt/mono-1.0//lib/mono/gtk-sharp/gtk-sharp.dll -r:/opt/mono-1.0//lib/mono/gtk-sharp/gnome-sharp.dll -r:/opt/mono-1.0//lib/mono/gtk-sharp/art-sharp.dll -r:/opt/mono-1.0//lib/mono/gtk-sharp/glade-sharp.dll -r:/opt/mono-1.0//lib/mono/gtk-sharp/gconf-sharp.dll -r:/opt/mono-1.0//lib/mono/gtk-sharp/gconf-sharp-peditors.dll  
configure:1972: checking for mcs
configure:1990: found /opt/mono/bin/mcs
configure:2002: result: /opt/mono/bin/mcs
configure:2011: checking for mono
configure:2029: found /opt/mono/bin/mono
configure:2041: result: /opt/mono/bin/mono
configure:2192: creating ./config.status

## ---------------------- ##
## Running config.status. ##
## ---------------------- ##

This file was extended by config.status, which was
generated by GNU Autoconf 2.59.  Invocation command line was

  CONFIG_FILES    = 
  CONFIG_HEADERS  = 
  CONFIG_LINKS    = 
  CONFIG_COMMANDS = 
  $ ./config.status 

on dotless.local

config.status:712: creating Makefile
config.status:712: creating src/Makefile

## ---------------- ##
## Cache variables. ##
## ---------------- ##

ac_cv_build=powerpc-unknown-linux-gnu
ac_cv_build_alias=powerpc-unknown-linux-gnu
ac_cv_env_build_alias_set=
ac_cv_env_build_alias_value=
ac_cv_env_host_alias_set=
ac_cv_env_host_alias_value=
ac_cv_env_target_alias_set=
ac_cv_env_target_alias_value=
ac_cv_host=powerpc-unknown-linux-gnu
ac_cv_host_alias=powerpc-unknown-linux-gnu
ac_cv_path_MCS=/opt/mono/bin/mcs
ac_cv_path_MONO=/opt/mono/bin/mono
ac_cv_path_PKG_CONFIG=/usr/bin/pkg-config
ac_cv_path_install='/usr/bin/install -c'
ac_cv_prog_AWK=gawk
ac_cv_prog_make_make_set=yes
ac_cv_target=powerpc-unknown-linux-gnu
ac_cv_target_alias=powerpc-unknown-linux-gnu

## ----------------- ##
## Output variables. ##
## ----------------- ##

ACLOCAL='aclocal-1.7'
AMTAR='tar'
AUTOCONF='autoconf'
AUTOHEADER='autoheader'
AUTOMAKE='automake-1.7'
AWK='gawk'
CYGPATH_W='echo'
DEFS='-DPACKAGE_NAME=\"\" -DPACKAGE_TARNAME=\"\" -DPACKAGE_VERSION=\"\" -DPACKAGE_STRING=\"\" -DPACKAGE_BUGREPORT=\"\" -DPACKAGE=\"MuinePlayerSdk\" -DVERSION=\"0.1\" '
ECHO_C=''
ECHO_N='-n'
ECHO_T=''
GTKSHARP_CFLAGS=' '
GTKSHARP_LIBS='-r:/opt/mono-1.0//lib/mono/gtk-sharp/glib-sharp.dll -r:/opt/mono-1.0//lib/mono/gtk-sharp/pango-sharp.dll -r:/opt/mono-1.0//lib/mono/gtk-sharp/atk-sharp.dll -r:/opt/mono-1.0//lib/mono/gtk-sharp/gdk-sharp.dll -r:/opt/mono-1.0//lib/mono/gtk-sharp/gtk-sharp.dll -r:/opt/mono-1.0//lib/mono/gtk-sharp/gnome-sharp.dll -r:/opt/mono-1.0//lib/mono/gtk-sharp/art-sharp.dll -r:/opt/mono-1.0//lib/mono/gtk-sharp/glade-sharp.dll -r:/opt/mono-1.0//lib/mono/gtk-sharp/gconf-sharp.dll -r:/opt/mono-1.0//lib/mono/gtk-sharp/gconf-sharp-peditors.dll  '
INSTALL_DATA='${INSTALL} -m 644'
INSTALL_PROGRAM='${INSTALL}'
INSTALL_SCRIPT='${INSTALL}'
INSTALL_STRIP_PROGRAM='${SHELL} $(install_sh) -c -s'
LIBOBJS=''
LIBS=''
LTLIBOBJS=''
MAINT=''
MAINTAINER_MODE_FALSE='#'
MAINTAINER_MODE_TRUE=''
MAKEINFO='makeinfo'
MCS='/opt/mono/bin/mcs'
MCS_FLAGS='-g'
MONO='/opt/mono/bin/mono'
MONO_CFLAGS='-D_REENTRANT -pthread -I/opt/mono-1.0//include -I/usr/include/glib-2.0 -I/usr/lib/glib-2.0/include  '
MONO_FLAGS='--debug'
MONO_LIBS='-Wl,--export-dynamic -pthread -L/opt/mono-1.0//lib -lmono -lpthread -lm -lgmodule-2.0 -ldl -lgthread-2.0 -lglib-2.0  '
PACKAGE='MuinePlayerSdk'
PACKAGE_BUGREPORT=''
PACKAGE_NAME=''
PACKAGE_STRING=''
PACKAGE_TARNAME=''
PACKAGE_VERSION=''
PATH_SEPARATOR=':'
PKG_CONFIG='/usr/bin/pkg-config'
SET_MAKE=''
SHELL='/bin/sh'
STRIP=''
VERSION='0.1'
ac_ct_STRIP=''
am__leading_dot='.'
bindir='${exec_prefix}/bin'
build='powerpc-unknown-linux-gnu'
build_alias=''
build_cpu='powerpc'
build_os='linux-gnu'
build_vendor='unknown'
datadir='${prefix}/share'
exec_prefix='${prefix}'
host='powerpc-unknown-linux-gnu'
host_alias=''
host_cpu='powerpc'
host_os='linux-gnu'
host_vendor='unknown'
includedir='${prefix}/include'
infodir='${prefix}/info'
install_sh='/home/rubiojr/svn/mspace/Muine.Sdk.Player/install-sh'
libdir='${exec_prefix}/lib'
libexecdir='${exec_prefix}/libexec'
localstatedir='${prefix}/var'
mandir='${prefix}/man'
oldincludedir='/usr/include'
prefix='/usr/local'
program_transform_name='s,x,x,'
sbindir='${exec_prefix}/sbin'
sharedstatedir='${prefix}/com'
sysconfdir='${prefix}/etc'
target='powerpc-unknown-linux-gnu'
target_alias=''
target_cpu='powerpc'
target_os='linux-gnu'
target_vendor='unknown'

## ----------- ##
## confdefs.h. ##
## ----------- ##

#define PACKAGE "MuinePlayerSdk"
#define PACKAGE_BUGREPORT ""
#define PACKAGE_NAME ""
#define PACKAGE_STRING ""
#define PACKAGE_TARNAME ""
#define PACKAGE_VERSION ""
#define VERSION "0.1"

configure: exit 0

## ---------------------- ##
## Running config.status. ##
## ---------------------- ##

This file was extended by config.status, which was
generated by GNU Autoconf 2.59.  Invocation command line was

  CONFIG_FILES    = 
  CONFIG_HEADERS  = 
  CONFIG_LINKS    = 
  CONFIG_COMMANDS = 
  $ ./config.status src/Makefile

on dotless.local

config.status:712: creating src/Makefile

## ---------------------- ##
## Running config.status. ##
## ---------------------- ##

This file was extended by config.status, which was
generated by GNU Autoconf 2.59.  Invocation command line was

  CONFIG_FILES    = 
  CONFIG_HEADERS  = 
  CONFIG_LINKS    = 
  CONFIG_COMMANDS = 
  $ ./config.status src/Makefile

on dotless.local

config.status:712: creating src/Makefile

## ---------------------- ##
## Running config.status. ##
## ---------------------- ##

This file was extended by config.status, which was
generated by GNU Autoconf 2.59.  Invocation command line was

  CONFIG_FILES    = 
  CONFIG_HEADERS  = 
  CONFIG_LINKS    = 
  CONFIG_COMMANDS = 
  $ ./config.status src/Makefile

on dotless.local

config.status:712: creating src/Makefile

## ---------------------- ##
## Running config.status. ##
## ---------------------- ##

This file was extended by config.status, which was
generated by GNU Autoconf 2.59.  Invocation command line was

  CONFIG_FILES    = 
  CONFIG_HEADERS  = 
  CONFIG_LINKS    = 
  CONFIG_COMMANDS = 
  $ ./config.status src/Makefile

on dotless.local

config.status:712: creating src/Makefile
